build/intermediates/manifest_merge_blame_file/debug/manifest-merger-blame-debug-report.txt
1<?xml version="1.0" encoding="utf-8"?>
2<manifest xmlns:android="http://schemas.android.com/apk/res/android"
3    package="com.example.assignment1testing"
4    android:versionCode="1"
5    android:versionName="1.0" >
6
7    <uses-sdk
8        android:minSdkVersion="21"
8-->src\main\AndroidManifest.xml
9        android:targetSdkVersion="31" />
9-->src\main\AndroidManifest.xml
10
11    <application
11-->src\main\AndroidManifest.xml:5:5-43:19
12        android:allowBackup="true"
12-->src\main\AndroidManifest.xml:6:9-35
13        android:appComponentFactory="android.support.v4.app.CoreComponentFactory"
13-->[com.android.support:support-compat:28.0.0] AndroidManifest.xml:22:18-91
14        android:debuggable="true"
15        android:icon="@mipmap/ic_launcher"
15-->src\main\AndroidManifest.xml:7:9-43
16        android:label="@string/app_name"
16-->src\main\AndroidManifest.xml:8:9-41
17        android:roundIcon="@mipmap/ic_launcher_round"
17-->src\main\AndroidManifest.xml:9:9-54
18        android:supportsRtl="true"
18-->src\main\AndroidManifest.xml:10:9-35
19        android:testOnly="true"
20        android:theme="@style/Theme.Assignment1testing" >
20-->src\main\AndroidManifest.xml:11:9-56
21        <activity
21-->src\main\AndroidManifest.xml:12:9-14:38
22            android:name="com.example.assignment1testing.amt_breakdown_hist"
22-->src\main\AndroidManifest.xml:13:13-47
23            android:exported="true" />
23-->src\main\AndroidManifest.xml:14:13-36
24        <activity
24-->src\main\AndroidManifest.xml:15:9-17:38
25            android:name="com.example.assignment1testing.pct_share_history"
25-->src\main\AndroidManifest.xml:16:13-46
26            android:exported="true" />
26-->src\main\AndroidManifest.xml:17:13-36
27        <activity
27-->src\main\AndroidManifest.xml:18:9-20:39
28            android:name="com.example.assignment1testing.cal_share_history"
28-->src\main\AndroidManifest.xml:19:13-46
29            android:exported="true" />
29-->src\main\AndroidManifest.xml:20:13-36
30        <activity
30-->src\main\AndroidManifest.xml:21:9-23:39
31            android:name="com.example.assignment1testing.AmountBreakdownActivity"
31-->src\main\AndroidManifest.xml:22:13-52
32            android:exported="true" />
32-->src\main\AndroidManifest.xml:23:13-36
33        <activity
33-->src\main\AndroidManifest.xml:24:9-26:39
34            android:name="com.example.assignment1testing.CalculationActivity"
34-->src\main\AndroidManifest.xml:25:13-48
35            android:exported="true" />
35-->src\main\AndroidManifest.xml:26:13-36
36        <activity
36-->src\main\AndroidManifest.xml:27:9-30:20
37            android:name="com.example.assignment1testing.PercentageCalculationActivity"
37-->src\main\AndroidManifest.xml:28:13-58
38            android:exported="true" >
38-->src\main\AndroidManifest.xml:29:13-36
39        </activity>
40        <activity
40-->src\main\AndroidManifest.xml:33:9-41:20
41            android:name="com.example.assignment1testing.MainActivity"
41-->src\main\AndroidManifest.xml:34:13-41
42            android:exported="true" >
42-->src\main\AndroidManifest.xml:35:13-36
43            <intent-filter>
43-->src\main\AndroidManifest.xml:36:13-40:31
44                <action android:name="android.intent.action.MAIN" />
44-->src\main\AndroidManifest.xml:37:17-69
44-->src\main\AndroidManifest.xml:37:25-66
45
46                <category android:name="android.intent.category.LAUNCHER" />
46-->src\main\AndroidManifest.xml:39:17-77
46-->src\main\AndroidManifest.xml:39:27-74
47            </intent-filter>
48        </activity>
49    </application>
50
51</manifest>